<?xml version="1.0" encoding="UTF-8"?>
<!-- Generated by org.testng.reporters.JUnitReportReporter -->
<testsuite hostname="DESKTOP-MIPLUN6" failures="0" tests="2" name="BusinessComponent.PetzoneScenariosMain" time="16.779" errors="0" timestamp="12 Sep 2020 07:30:29 GMT">
  <testcase classname="BusinessComponent.PetzoneScenariosMain" name="CartCat" time="13.566"/>
  <testcase classname="BusinessComponent.PetzoneScenariosMain" name="scenarioLegalNotice" time="3.213"/>
</testsuite> <!-- BusinessComponent.PetzoneScenariosMain -->
